<?xml version="1.0" encoding="UTF-8"?>
<!-- Generated by org.testng.reporters.JUnitXMLReporter -->
<testsuite hostname="LAPTOP-P23OILEH" ignored="0" name="Test" tests="18" failures="1" timestamp="05 Dec 2020 17:54:25 GMT" time="0.226" errors="0">
  <testcase name="hLoan" time="0.005" classname="Exam.day2"/>
  <testcase name="pLoan" time="0.003" classname="Exam.day2"/>
  <testcase name="arik" time="0.004" classname="Exam.day1"/>
  <testcase name="beta" time="0.003" classname="Exam.day1"/>
  <testcase name="demo" time="0.002" classname="Exam.day1"/>
  <testcase name="secondTest" time="0.002" classname="Exam.day1"/>
  <testcase name="zooemo" time="0.013" classname="Exam.day1"/>
  <testcase name="accountDemands" time="0.002" classname="Exam.day1"/>
  <testcase name="loginApiHomeLoan" time="0.002" classname="Exam.day4"/>
  <testcase name="mobileLoginHomeLoan" time="0.001" classname="Exam.day4"/>
  <testcase name="webLoginHomeLoan" time="0.0" classname="Exam.day4">
    <failure type="org.testng.TestNGException" message="
Parameter &amp;apos;URL&amp;apos; is required by @Test on method webLoginHomeLoan but has not been marked @Optional or defined
in C:\Users\USER\Desktop\Dec19\TestNGTutorials\listeners.xml">
      <![CDATA[org.testng.TestNGException: 
Parameter 'URL' is required by @Test on method webLoginHomeLoan but has not been marked @Optional or defined
in C:\Users\USER\Desktop\Dec19\TestNGTutorials\listeners.xml
... Removed 23 stack frames]]>
    </failure>
  </testcase> <!-- webLoginHomeLoan -->
  <testcase name="beforeClass" time="0.049" classname="Exam.day3"/>
  <testcase name="mobileLoginCarLoan" time="0.003" classname="Exam.day3"/>
  <testcase name="mobileSigninApiCarLoan" time="0.005" classname="Exam.day3"/>
  <testcase name="mobileSigninApiCarLoan" time="0.002" classname="Exam.day3"/>
  <testcase name="mobileSigninApiCarLoan" time="0.006" classname="Exam.day3"/>
  <testcase name="webLoginCarLoan" time="0.001" classname="Exam.day3"/>
  <testcase name="mobileAncoutApiCarLoan" time="0.001" classname="Exam.day3"/>
</testsuite> <!-- Test -->
